<?xml version="1.0" encoding="UTF-8" standalone="no"?>
<!DOCTYPE log SYSTEM "logger.dtd">
<log>
<record>
  <date>2023-08-19T10:44:39.479-0300</date>
  <logger>ANDREZA VILAR DE FARIAS</logger>
  <level>FINE</level>
  <message>File 121210930-ANDREZA VILAR DE FARIAS.zip was received. It was sent by ANDREZA VILAR DE FARIAS from IP 192.168.15.138 at 19-08-2023 10*44*39</message>
</record>
</log>
<?xml version="1.0" encoding="UTF-8" standalone="no"?>
<!DOCTYPE log SYSTEM "logger.dtd">
<log>
<record>
  <date>2023-08-19T10:44:49.107-0300</date>
  <logger>ANDREZA VILAR DE FARIAS</logger>
  <level>FINE</level>
  <message>File 121210930-ANDREZA VILAR DE FARIAS.zip was received. It was sent by ANDREZA VILAR DE FARIAS from IP 192.168.15.138 at 19-08-2023 10*44*49</message>
</record>
</log>
<?xml version="1.0" encoding="UTF-8" standalone="no"?>
<!DOCTYPE log SYSTEM "logger.dtd">
<log>
<record>
  <date>2023-08-19T10:48:03.729-0300</date>
  <logger>ANDREZA VILAR DE FARIAS</logger>
  <level>FINE</level>
  <message>File 121210930-ANDREZA VILAR DE FARIAS.zip was received. It was sent by ANDREZA VILAR DE FARIAS from IP 192.168.15.138 at 19-08-2023 10*48*03</message>
</record>
</log>
<?xml version="1.0" encoding="UTF-8" standalone="no"?>
<!DOCTYPE log SYSTEM "logger.dtd">
<log>
<record>
  <date>2023-08-19T10:48:32.019-0300</date>
  <logger>ANDREZA VILAR DE FARIAS</logger>
  <level>FINE</level>
  <message>File 121210930-ANDREZA VILAR DE FARIAS.zip was received. It was sent by ANDREZA VILAR DE FARIAS from IP 192.168.15.138 at 19-08-2023 10*48*32</message>
</record>
</log>
<?xml version="1.0" encoding="UTF-8" standalone="no"?>
<!DOCTYPE log SYSTEM "logger.dtd">
<log>
<record>
  <date>2023-08-19T11:35:03.206-0300</date>
  <logger>ANDREZA VILAR DE FARIAS</logger>
  <level>FINE</level>
  <message>File 121210930-ANDREZA VILAR DE FARIAS.zip was received. It was sent by ANDREZA VILAR DE FARIAS from IP 192.168.15.138 at 19-08-2023 11*35*03</message>
</record>
</log>
<?xml version="1.0" encoding="UTF-8" standalone="no"?>
<!DOCTYPE log SYSTEM "logger.dtd">
<log>
<record>
  <date>2023-08-19T11:35:19.614-0300</date>
  <logger>ANDREZA VILAR DE FARIAS</logger>
  <level>FINE</level>
  <message>File 121210930-ANDREZA VILAR DE FARIAS.zip was received. It was sent by ANDREZA VILAR DE FARIAS from IP 192.168.15.138 at 19-08-2023 11*35*19</message>
</record>
